<?xml version="1.0" encoding="UTF-8"?>
<testng-results ignored="0" total="1" passed="1" failed="0" skipped="0">
  <reporter-output>
  </reporter-output>
  <suite started-at="2023-08-16T10:22:25 ICT" name="Default suite" finished-at="2023-08-16T10:22:40 ICT" duration-ms="14995">
    <groups>
    </groups>
    <test started-at="2023-08-16T10:22:25 ICT" name="Default test" finished-at="2023-08-16T10:22:40 ICT" duration-ms="14995">
      <class name="automation.testsuite.LogoutTest">
        <test-method is-config="true" signature="openPage()[pri:0, instance:automation.testsuite.LogoutTest@6e2aa843]" started-at="2023-08-16T10:22:25 ICT" name="openPage" finished-at="2023-08-16T10:22:34 ICT" duration-ms="9011" status="PASS">
          <reporter-output>
          </reporter-output>
        </test-method> <!-- openPage -->
        <test-method signature="LogoutSuccessfully()[pri:0, instance:automation.testsuite.LogoutTest@6e2aa843]" started-at="2023-08-16T10:22:34 ICT" name="LogoutSuccessfully" finished-at="2023-08-16T10:22:40 ICT" duration-ms="5962" status="PASS">
          <reporter-output>
          </reporter-output>
        </test-method> <!-- LogoutSuccessfully -->
      </class> <!-- automation.testsuite.LogoutTest -->
    </test> <!-- Default test -->
  </suite> <!-- Default suite -->
</testng-results>
