<?xml version="1.0" encoding="UTF-8"?>
<testng-results ignored="0" total="1" passed="1" failed="0" skipped="0">
  <reporter-output>
  </reporter-output>
  <suite started-at="2023-08-16T10:00:01 ICT" name="Default suite" finished-at="2023-08-16T10:00:16 ICT" duration-ms="15344">
    <groups>
    </groups>
    <test started-at="2023-08-16T10:00:01 ICT" name="Default test" finished-at="2023-08-16T10:00:16 ICT" duration-ms="15344">
      <class name="automation.testsuite.LoginTest">
        <test-method is-config="true" signature="openPage()[pri:0, instance:automation.testsuite.LoginTest@29f7cefd]" started-at="2023-08-16T10:00:01 ICT" name="openPage" finished-at="2023-08-16T10:00:10 ICT" duration-ms="8880" status="PASS">
          <reporter-output>
          </reporter-output>
        </test-method> <!-- openPage -->
        <test-method signature="LogoutSuccessfully()[pri:0, instance:automation.testsuite.LoginTest@29f7cefd]" started-at="2023-08-16T10:00:10 ICT" name="LogoutSuccessfully" finished-at="2023-08-16T10:00:16 ICT" duration-ms="6444" status="PASS">
          <reporter-output>
          </reporter-output>
        </test-method> <!-- LogoutSuccessfully -->
      </class> <!-- automation.testsuite.LoginTest -->
    </test> <!-- Default test -->
  </suite> <!-- Default suite -->
</testng-results>
