<?xml version="1.0" encoding="UTF-8"?>
<testng-results ignored="0" total="2" passed="2" failed="0" skipped="0">
  <reporter-output>
  </reporter-output>
  <suite started-at="2023-08-31T09:21:54 ICT" name="Default suite" finished-at="2023-08-31T09:22:09 ICT" duration-ms="15079">
    <groups>
    </groups>
    <test started-at="2023-08-31T09:21:54 ICT" name="Default test" finished-at="2023-08-31T09:22:09 ICT" duration-ms="15079">
      <class name="alert_windows_iframe.Day17_Homework_2">
        <test-method is-config="true" signature="openPage()[pri:0, instance:alert_windows_iframe.Day17_Homework_2@117159c0]" started-at="2023-08-31T09:21:54 ICT" name="openPage" finished-at="2023-08-31T09:21:58 ICT" duration-ms="4505" status="PASS">
          <reporter-output>
          </reporter-output>
        </test-method> <!-- openPage -->
        <test-method signature="findIFrame1()[pri:0, instance:alert_windows_iframe.Day17_Homework_2@117159c0]" started-at="2023-08-31T09:21:58 ICT" name="findIFrame1" finished-at="2023-08-31T09:22:08 ICT" duration-ms="10151" status="PASS">
          <reporter-output>
          </reporter-output>
        </test-method> <!-- findIFrame1 -->
        <test-method signature="homeWork()[pri:0, instance:alert_windows_iframe.Day17_Homework_2@117159c0]" started-at="2023-08-31T09:22:08 ICT" name="homeWork" finished-at="2023-08-31T09:22:09 ICT" duration-ms="401" status="PASS">
          <reporter-output>
          </reporter-output>
        </test-method> <!-- homeWork -->
      </class> <!-- alert_windows_iframe.Day17_Homework_2 -->
    </test> <!-- Default test -->
  </suite> <!-- Default suite -->
</testng-results>
