<?xml version="1.0" encoding="UTF-8"?>
<testng-results ignored="0" total="3" passed="3" failed="0" skipped="0">
  <reporter-output>
  </reporter-output>
  <suite started-at="2023-08-31T15:09:42 ICT" name="Suite Hoan" finished-at="2023-08-31T15:10:27 ICT" duration-ms="45220">
    <groups>
    </groups>
    <test started-at="2023-08-31T15:09:42 ICT" name="Regression test with firefox brower" finished-at="2023-08-31T15:09:58 ICT" duration-ms="15858">
      <class name="automation.testsuite.Day14_LoginTestFactory">
        <test-method is-config="true" signature="openPage(java.lang.String)[pri:0, instance:automation.testsuite.Day14_LoginTestFactory@2034b64c]" started-at="2023-08-31T15:09:42 ICT" name="openPage" finished-at="2023-08-31T15:09:49 ICT" duration-ms="7363" status="PASS">
          <params>
            <param index="0">
              <value>
                <![CDATA[firefox]]>
              </value>
            </param>
          </params>
          <reporter-output>
          </reporter-output>
        </test-method> <!-- openPage -->
        <test-method signature="loginSuccessfully()[pri:0, instance:automation.testsuite.Day14_LoginTestFactory@2034b64c]" started-at="2023-08-31T15:09:49 ICT" name="loginSuccessfully" finished-at="2023-08-31T15:09:57 ICT" duration-ms="7903" status="PASS">
          <reporter-output>
          </reporter-output>
        </test-method> <!-- loginSuccessfully -->
        <test-method is-config="true" signature="quitDriver()[pri:0, instance:automation.testsuite.Day14_LoginTestFactory@2034b64c]" started-at="2023-08-31T15:09:57 ICT" name="quitDriver" finished-at="2023-08-31T15:09:58 ICT" duration-ms="575" status="PASS">
          <reporter-output>
          </reporter-output>
        </test-method> <!-- quitDriver -->
      </class> <!-- automation.testsuite.Day14_LoginTestFactory -->
    </test> <!-- Regression test with firefox brower -->
    <test started-at="2023-08-31T15:09:58 ICT" name="Regression test with edge browser" finished-at="2023-08-31T15:10:11 ICT" duration-ms="12845">
      <class name="automation.testsuite.Day14_LoginTestFactory">
        <test-method is-config="true" signature="openPage(java.lang.String)[pri:0, instance:automation.testsuite.Day14_LoginTestFactory@5b247367]" started-at="2023-08-31T15:09:58 ICT" name="openPage" finished-at="2023-08-31T15:10:03 ICT" duration-ms="5528" status="PASS">
          <params>
            <param index="0">
              <value>
                <![CDATA[edge]]>
              </value>
            </param>
          </params>
          <reporter-output>
          </reporter-output>
        </test-method> <!-- openPage -->
        <test-method signature="loginSuccessfully()[pri:0, instance:automation.testsuite.Day14_LoginTestFactory@5b247367]" started-at="2023-08-31T15:10:03 ICT" name="loginSuccessfully" finished-at="2023-08-31T15:10:11 ICT" duration-ms="7202" status="PASS">
          <reporter-output>
          </reporter-output>
        </test-method> <!-- loginSuccessfully -->
        <test-method is-config="true" signature="quitDriver()[pri:0, instance:automation.testsuite.Day14_LoginTestFactory@5b247367]" started-at="2023-08-31T15:10:11 ICT" name="quitDriver" finished-at="2023-08-31T15:10:11 ICT" duration-ms="112" status="PASS">
          <reporter-output>
          </reporter-output>
        </test-method> <!-- quitDriver -->
      </class> <!-- automation.testsuite.Day14_LoginTestFactory -->
    </test> <!-- Regression test with edge browser -->
    <test started-at="2023-08-31T15:10:11 ICT" name="Regression test with chrome browser" finished-at="2023-08-31T15:10:27 ICT" duration-ms="16488">
      <class name="automation.testsuite.Day14_LoginTestFactory">
        <test-method is-config="true" signature="openPage(java.lang.String)[pri:0, instance:automation.testsuite.Day14_LoginTestFactory@5890e879]" started-at="2023-08-31T15:10:11 ICT" name="openPage" finished-at="2023-08-31T15:10:20 ICT" duration-ms="9181" status="PASS">
          <params>
            <param index="0">
              <value>
                <![CDATA[chrome]]>
              </value>
            </param>
          </params>
          <reporter-output>
          </reporter-output>
        </test-method> <!-- openPage -->
        <test-method signature="loginSuccessfully()[pri:0, instance:automation.testsuite.Day14_LoginTestFactory@5890e879]" started-at="2023-08-31T15:10:20 ICT" name="loginSuccessfully" finished-at="2023-08-31T15:10:27 ICT" duration-ms="7191" status="PASS">
          <reporter-output>
          </reporter-output>
        </test-method> <!-- loginSuccessfully -->
        <test-method is-config="true" signature="quitDriver()[pri:0, instance:automation.testsuite.Day14_LoginTestFactory@5890e879]" started-at="2023-08-31T15:10:27 ICT" name="quitDriver" finished-at="2023-08-31T15:10:27 ICT" duration-ms="113" status="PASS">
          <reporter-output>
          </reporter-output>
        </test-method> <!-- quitDriver -->
      </class> <!-- automation.testsuite.Day14_LoginTestFactory -->
    </test> <!-- Regression test with chrome browser -->
  </suite> <!-- Suite Hoan -->
</testng-results>
