<?xml version="1.0" encoding="UTF-8"?>
<!-- Generated by org.testng.reporters.JUnitXMLReporter -->
<testsuite ignored="13" hostname="B--N-H-D---N-G" failures="0" tests="1" name="Default test" time="22.834" errors="0" timestamp="2023-09-18T15:49:00 ICT">
  <testcase classname="automation.testsuite.EventManagement" name="editEventSuccessfully" time="13.888"/>
  <testcase classname="automation.testsuite.EventManagement" name="editEventFailWithEmptyStartDate" time="0.0">
    <ignored/>
  </testcase> <!-- editEventFailWithEmptyStartDate -->
  <testcase classname="automation.testsuite.EventManagement" name="editEventFailWithEndDateSmallThanStartDate" time="0.0">
    <ignored/>
  </testcase> <!-- editEventFailWithEndDateSmallThanStartDate -->
  <testcase classname="automation.testsuite.EventManagement" name="editEventFailWithEmptySpecificMember" time="0.0">
    <ignored/>
  </testcase> <!-- editEventFailWithEmptySpecificMember -->
  <testcase classname="automation.testsuite.EventManagement" name="addEventSuccessfully_AllTeam" time="0.0">
    <ignored/>
  </testcase> <!-- addEventSuccessfully_AllTeam -->
  <testcase classname="automation.testsuite.EventManagement" name="addEventSuccessfully_OnlyMe" time="0.0">
    <ignored/>
  </testcase> <!-- addEventSuccessfully_OnlyMe -->
  <testcase classname="automation.testsuite.EventManagement" name="editEventFailWithEmptyTitle" time="0.0">
    <ignored/>
  </testcase> <!-- editEventFailWithEmptyTitle -->
  <testcase classname="automation.testsuite.EventManagement" name="addEventFailWithEmptyStartDate" time="0.0">
    <ignored/>
  </testcase> <!-- addEventFailWithEmptyStartDate -->
  <testcase classname="automation.testsuite.EventManagement" name="deleteEvenSuccessfully" time="0.0">
    <ignored/>
  </testcase> <!-- deleteEvenSuccessfully -->
  <testcase classname="automation.testsuite.EventManagement" name="addEventSuccessfully_SpecificMemeber" time="0.0">
    <ignored/>
  </testcase> <!-- addEventSuccessfully_SpecificMemeber -->
  <testcase classname="automation.testsuite.EventManagement" name="addEventFailWithEmptyAll" time="0.0">
    <ignored/>
  </testcase> <!-- addEventFailWithEmptyAll -->
  <testcase classname="automation.testsuite.EventManagement" name="editEventFailWithEmptyAll" time="0.0">
    <ignored/>
  </testcase> <!-- editEventFailWithEmptyAll -->
  <testcase classname="automation.testsuite.EventManagement" name="addEventFailWithEmptyTitle" time="0.0">
    <ignored/>
  </testcase> <!-- addEventFailWithEmptyTitle -->
  <testcase classname="automation.testsuite.EventManagement" name="addEventFailWithEndDateSmallThanStartDate" time="0.0">
    <ignored/>
  </testcase> <!-- addEventFailWithEndDateSmallThanStartDate -->
</testsuite> <!-- Default test -->
